#
# A fatal error has been detected by the Java Runtime Environment:
#
#  EXCEPTION_ACCESS_VIOLATION (0xc0000005) at pc=0x00007ff9fca06cd2, pid=2500, tid=17388
#
# JRE version:  (21.0.10+7) (build )
# Java VM: OpenJDK 64-Bit Server VM (21.0.10+7-LTS, mixed mode, sharing, tiered, compressed oops, compressed class ptrs, g1 gc, windows-amd64)
# Problematic frame:
# V  [jvm.dll+0x316cd2]
#
# No core dump will be written. Minidumps are not enabled by default on client versions of Windows
#
#

---------------  S U M M A R Y ------------

Command Line: --add-modules=ALL-SYSTEM --add-opens=java.base/java.util=ALL-UNNAMED --add-opens=java.base/java.lang=ALL-UNNAMED --add-opens=java.base/sun.nio.fs=ALL-UNNAMED -Declipse.application=org.eclipse.jdt.ls.core.id1 -Dosgi.bundles.defaultStartLevel=4 -Declipse.product=org.eclipse.jdt.ls.core.product -Djava.import.generatesMetadataFilesAtProjectRoot=false -DDetectVMInstallationsJob.disabled=true -Dfile.encoding=utf8 -Xlog:disable -javaagent:c:\Users\HP\.vscode\extensions\redhat.java-1.54.2026031108-win32-x64\lombok\lombok-1.18.39-4050.jar -XX:+HeapDumpOnOutOfMemoryError -XX:HeapDumpPath=c:\Users\HP\AppData\Roaming\Code\User\workspaceStorage\f1d7795175c8100a2a2f892062407cf2\redhat.java -Daether.dependencyCollector.impl=bf -XX:+UnlockDiagnosticVMOptions -XX:+AllowArchivingWithJavaAgent -XX:+AutoCreateSharedArchive -XX:SharedArchiveFile=c:\Users\HP\AppData\Roaming\Code\User\globalStorage\redhat.java\1.54.2026031108\jdtls.jsa c:\Users\HP\.vscode\extensions\redhat.java-1.54.2026031108-win32-x64\server\plugins\org.eclipse.equinox.launcher_1.7.100.v20251111-0406.jar -configuration c:\Users\HP\AppData\Roaming\Code\User\globalStorage\redhat.java\1.54.2026031108\config_win -data c:\Users\HP\AppData\Roaming\Code\User\workspaceStorage\f1d7795175c8100a2a2f892062407cf2\redhat.java\jdt_ws --pipe=\\.\pipe\lsp-ea0f195d9abfd1a9d392c7c68e1a8f4d-sock

Host: AMD Ryzen 5 5500U with Radeon Graphics         , 12 cores, 7G,  Windows 11 , 64 bit Build 26100 (10.0.26100.7920)
Time: Fri Mar 20 23:44:41 2026 India Standard Time elapsed time: 0.236792 seconds (0d 0h 0m 0s)

---------------  T H R E A D  ---------------

Current thread (0x0000022fef22a960):  JavaThread "Unknown thread" [_thread_in_vm, id=17388, stack(0x0000003fca800000,0x0000003fca900000) (1024K)]

Stack: [0x0000003fca800000,0x0000003fca900000],  sp=0x0000003fca8ff070,  free space=1020k
Native frames: (J=compiled Java code, j=interpreted, Vv=VM code, C=native code)
V  [jvm.dll+0x316cd2]
V  [jvm.dll+0x317658]
V  [jvm.dll+0x67fd59]
V  [jvm.dll+0x67ffc8]
V  [jvm.dll+0x67f30b]
V  [jvm.dll+0x67aae8]
V  [jvm.dll+0x87eb27]
V  [jvm.dll+0x3c4a81]
V  [jvm.dll+0x867d25]
V  [jvm.dll+0x457b31]
V  [jvm.dll+0x459721]
C  [jli.dll+0x52d0]
C  [ucrtbase.dll+0x37b0]
C  [KERNEL32.DLL+0x2e8d7]
C  [ntdll.dll+0x8c48c]


siginfo: EXCEPTION_ACCESS_VIOLATION (0xc0000005), reading address 0xffffffffffffffff


Registers:
RAX=0x000038b97cbad99c, RBX=0x0000000000000000, RCX=0x0a1900010027b905, RDX=0x0000000000000001
RSP=0x0000003fca8ff070, RBP=0x0000000000000001, RSI=0x0a1900010027b905, RDI=0x0000022ff7964650
R8 =0x0000000000000001, R9 =0x0000000000000002, R10=0x0000000000000000, R11=0x0000003fca8ff0e8
R12=0x0000000000000002, R13=0x0000022fecd9f6b0, R14=0x0000000000000002, R15=0x0000000000000000
RIP=0x00007ff9fca06cd2, EFLAGS=0x0000000000010202

XMM[0]=0x0000000000000000 0x0000000000000000
XMM[1]=0x0000000000000000 0x0000000000000000
XMM[2]=0x0000000000000000 0x0000000000000000
XMM[3]=0x0000000000000000 0x0000000000000000
XMM[4]=0x0000000000000000 0x0000000000000000
XMM[5]=0x0000000000000000 0x0000000000000000
XMM[6]=0x0000000000000000 0x0000000000000000
XMM[7]=0x0000000000000000 0x0000000000000000
XMM[8]=0x0000000000000000 0x0000000000000000
XMM[9]=0x0000000000000000 0x0000000000000000
XMM[10]=0x0000000000000000 0x0000000000000000
XMM[11]=0x0000000000000000 0x0000000000000000
XMM[12]=0x0000000000000000 0x0000000000000000
XMM[13]=0x0000000000000000 0x0000000000000000
XMM[14]=0x0000000000000000 0x0000000000000000
XMM[15]=0x0000000000000000 0x0000000000000000
  MXCSR=0x00001fa0


Top of Stack: (sp=0x0000003fca8ff070)
0x0000003fca8ff070:   0000022f92270000 0000000800000000
0x0000003fca8ff080:   0000000803270000 0000022f8f000000
0x0000003fca8ff090:   0000022f92270000 000002278f000000
0x0000003fca8ff0a0:   0000022f8f000000 0000000000000001
0x0000003fca8ff0b0:   0000003fca8ff1c0 0000000000000000
0x0000003fca8ff0c0:   000038b97cbad99c 000002278f000000
0x0000003fca8ff0d0:   0000022ff7964950 0000000000000000
0x0000003fca8ff0e0:   0000022ff7964650 00007ff9fca07658
0x0000003fca8ff0f0:   0000022f8fba0000 0000000000000000
0x0000003fca8ff100:   0000000000000000 0000000000000200
0x0000003fca8ff110:   0000022f8f000000 0000000004000000
0x0000003fca8ff120:   0000000000000000 0000000000010000
0x0000003fca8ff130:   0000000000001000 fffffffff7964600
0x0000003fca8ff140:   0000000000000000 0000022fecdb3240
0x0000003fca8ff150:   0000022f8f000000 000038b97cbad91c
0x0000003fca8ff160:   0000022f8f000000 0000022ff7964650
0x0000003fca8ff170:   0000000000000000 0000022ff7964950
0x0000003fca8ff180:   0000003fca8ff310 00007ff9fcd6fd59
0x0000003fca8ff190:   0000000000000002 00007ff9fd336bc0
0x0000003fca8ff1a0:   0000022ff7964650 0000022ff7964650
0x0000003fca8ff1b0:   0000003fca8ff1c0 0000000000001000
0x0000003fca8ff1c0:   0000022f8f000000 0000000004000000
0x0000003fca8ff1d0:   0000000000000000 0000000000010000
0x0000003fca8ff1e0:   0000000000001000 fffffffff7964600
0x0000003fca8ff1f0:   0000000000000000 0000022ff7964950
0x0000003fca8ff200:   0000022ff7964950 00007ff9fcd6ffc8
0x0000003fca8ff210:   0000000000000000 0000000004000000
0x0000003fca8ff220:   646d612d73776f64 282045524a203436
0x0000003fca8ff230:   0000003fca8ff240 0000003fca8ff2c0
0x0000003fca8ff240:   0000022f8f000000 0000000004000000
0x0000003fca8ff250:   0000000000000000 0000000000010000
0x0000003fca8ff260:   0000000000001000 fffffffff7964600 

Instructions: (pc=0x00007ff9fca06cd2)
0x00007ff9fca06bd2:   83 a8 01 00 00 0f 85 a1 00 00 00 0f b6 05 7b 39
0x00007ff9fca06be2:   92 00 38 83 a9 01 00 00 0f 85 8e 00 00 00 80 bb
0x00007ff9fca06bf2:   aa 01 00 00 00 75 2d 80 3d eb f0 98 00 00 74 24
0x00007ff9fca06c02:   48 8b 05 0f f7 97 00 48 85 c0 0f 84 84 00 00 00
0x00007ff9fca06c12:   48 8d 0d 57 93 71 00 e8 d2 06 db ff 32 c0 48 83
0x00007ff9fca06c22:   c4 20 5b c3 80 bb 01 03 00 00 00 75 1f 48 8b 05
0x00007ff9fca06c32:   da f6 97 00 c6 05 33 ff 92 00 00 48 85 c0 74 0c
0x00007ff9fca06c42:   48 8d 0d 67 93 71 00 e8 52 b7 da ff 80 bb 02 03
0x00007ff9fca06c52:   00 00 00 75 1f 48 8b 05 b2 f6 97 00 c6 05 0c ff
0x00007ff9fca06c62:   92 00 00 48 85 c0 74 0c 48 8d 0d af 93 71 00 e8
0x00007ff9fca06c72:   2a b7 da ff b0 01 48 83 c4 20 5b c3 48 8b 05 8b
0x00007ff9fca06c82:   f6 97 00 48 85 c0 74 0c 48 8d 0d 3f 92 71 00 e8
0x00007ff9fca06c92:   0a b7 da ff 32 c0 48 83 c4 20 5b c3 cc cc 4c 8b
0x00007ff9fca06ca2:   dc 57 48 83 ec 70 48 8b 05 51 e7 94 00 48 33 c4
0x00007ff9fca06cb2:   48 89 44 24 50 80 3d e2 34 92 00 00 49 89 5b 10
0x00007ff9fca06cc2:   49 89 6b 18 0f b6 ea 49 89 73 f0 48 8b f1 74 17
0x00007ff9fca06cd2:   80 39 00 75 12 48 8b 0d b2 3c 98 00 48 8b 01 ff
0x00007ff9fca06ce2:   50 20 48 8b d8 eb 08 48 8b 59 18 48 83 c3 04 48
0x00007ff9fca06cf2:   8b 05 98 3d 98 00 40 b7 01 48 85 c0 74 0f 48 8b
0x00007ff9fca06d02:   d3 48 8d 0d 86 7b 71 00 e8 c1 8a f0 ff 48 8d 54
0x00007ff9fca06d12:   24 20 48 8b cb e8 b4 f2 3b 00 85 c0 74 28 40 84
0x00007ff9fca06d22:   ed 74 23 48 8b 05 ec f5 97 00 48 85 c0 74 47 48
0x00007ff9fca06d32:   8b d3 48 8d 0d 7d 7b 71 00 e8 b0 05 db ff 40 32
0x00007ff9fca06d42:   ff e9 31 01 00 00 80 3e 02 75 33 48 8b cb e8 0b
0x00007ff9fca06d52:   90 3b 00 84 c0 0f 85 1c 01 00 00 48 8b 05 b4 f5
0x00007ff9fca06d62:   97 00 48 85 c0 74 0f 48 8b d3 48 8d 0d 75 7b 71
0x00007ff9fca06d72:   00 e8 78 05 db ff 40 32 ff e9 f9 00 00 00 48 8b
0x00007ff9fca06d82:   46 08 48 63 6c 24 34 4c 89 74 24 60 4c 8b 76 10
0x00007ff9fca06d92:   48 85 c0 74 0d 48 3b 44 24 40 74 06 40 0f b6 f7
0x00007ff9fca06da2:   eb 0c 40 32 f6 4c 3b f5 0f 84 c4 00 00 00 48 8b
0x00007ff9fca06db2:   05 61 f5 97 00 40 32 ff 40 38 3d 89 ed 98 00 74
0x00007ff9fca06dc2:   28 48 85 c0 0f 84 a8 00 00 00 40 84 f6 48 8d 05 



---------------  P R O C E S S  ---------------

Threads class SMR info:
_java_thread_list=0x00007ff9fd33a1c8, length=0, elements={
}

Java Threads: ( => current thread )
Total: 0

Other Threads:
  0x0000022fef285430 WorkerThread "GC Thread#0"                     [id=8388, stack(0x0000003fca900000,0x0000003fcaa00000) (1024K)]
  0x0000022fef297b40 ConcurrentGCThread "G1 Main Marker"            [id=16908, stack(0x0000003fcaa00000,0x0000003fcab00000) (1024K)]
  0x0000022fef29ac10 WorkerThread "G1 Conc#0"                       [id=8256, stack(0x0000003fcab00000,0x0000003fcac00000) (1024K)]
  0x0000022ff7960100 ConcurrentGCThread "G1 Refine#0"               [id=2024, stack(0x0000003fcac00000,0x0000003fcad00000) (1024K)]
  0x0000022ff7960a90 ConcurrentGCThread "G1 Service"                [id=14452, stack(0x0000003fcad00000,0x0000003fcae00000) (1024K)]

=>0x0000022fef22a960 (exited) JavaThread "Unknown thread"    [_thread_in_vm, id=17388, stack(0x0000003fca800000,0x0000003fca900000) (1024K)]
Total: 6

Threads with active compile tasks:
Total: 0

VM state: not at safepoint (not fully initialized)

VM Mutex/Monitor currently owned by a thread: None

Heap address: 0x000000008ac00000, size: 1876 MB, Compressed Oops mode: 32-bit

CDS archive(s) mapped at: [0x0000000000000000-0x0000000000000000-0x0000000000000000), size 0, SharedBaseAddress: 0x0000000800000000, ArchiveRelocationMode: 1.
Narrow klass base: 0x0000000000000000, Narrow klass shift: 0, Narrow klass range: 0x0

GC Precious Log:
 CardTable entry size: 512
 Card Set container configuration: InlinePtr #cards 5 size 8 Array Of Cards #cards 12 size 40 Howl #buckets 4 coarsen threshold 1843 Howl Bitmap #cards 512 size 80 coarsen threshold 460 Card regions per heap region 1 cards per card region 2048
 CPUs: 12 total, 12 available
 Memory: 7501M
 Large Page Support: Disabled
 NUMA Support: Disabled
 Compressed Oops: Enabled (32-bit)
 Heap Region Size: 1M
 Heap Min Capacity: 8M
 Heap Initial Capacity: 118M
 Heap Max Capacity: 1876M
 Pre-touch: Disabled
 Parallel Workers: 10
 Concurrent Workers: 3
 Concurrent Refinement Workers: 10
 Periodic GC: Disabled

Heap:
 garbage-first heap   total 120832K, used 0K [0x000000008ac00000, 0x0000000100000000)
  region size 1024K, 0 young (0K), 0 survivors (0K)

[error occurred during error reporting (printing heap information), id 0xc0000005, EXCEPTION_ACCESS_VIOLATION (0xc0000005) at pc=0x00007ff9fce213b9]
GC Heap History (0 events):
No events

Dll operation events (1 events):
Event: 0.044 Loaded shared library c:\Users\HP\.vscode\extensions\redhat.java-1.54.2026031108-win32-x64\jre\21.0.10-win32-x86_64\bin\java.dll

Deoptimization events (0 events):
No events

Classes loaded (0 events):
No events

Classes unloaded (0 events):
No events

Classes redefined (0 events):
No events

Internal exceptions (0 events):
No events

ZGC Phase Switch (0 events):
No events

VM Operations (0 events):
No events

Memory protections (0 events):
No events

Nmethod flushes (0 events):
No events

Events (0 events):
No events


Dynamic libraries:
0x00007ff752800000 - 0x00007ff75280e000 	c:\Users\HP\.vscode\extensions\redhat.java-1.54.2026031108-win32-x64\jre\21.0.10-win32-x86_64\bin\java.exe
0x00007ffa6e800000 - 0x00007ffa6ea67000 	C:\WINDOWS\SYSTEM32\ntdll.dll
0x00007ffa6cf40000 - 0x00007ffa6d009000 	C:\WINDOWS\System32\KERNEL32.DLL
0x00007ffa6be90000 - 0x00007ffa6c281000 	C:\WINDOWS\System32\KERNELBASE.dll
0x00007ffa6ba80000 - 0x00007ffa6bbcb000 	C:\WINDOWS\System32\ucrtbase.dll
0x00007ffa66760000 - 0x00007ffa66778000 	c:\Users\HP\.vscode\extensions\redhat.java-1.54.2026031108-win32-x64\jre\21.0.10-win32-x86_64\bin\jli.dll
0x00007ffa6e3e0000 - 0x00007ffa6e5a5000 	C:\WINDOWS\System32\USER32.dll
0x00007ffa667b0000 - 0x00007ffa667ce000 	c:\Users\HP\.vscode\extensions\redhat.java-1.54.2026031108-win32-x64\jre\21.0.10-win32-x86_64\bin\VCRUNTIME140.dll
0x00007ffa6c290000 - 0x00007ffa6c2b7000 	C:\WINDOWS\System32\win32u.dll
0x00007ffa50d70000 - 0x00007ffa51003000 	C:\WINDOWS\WinSxS\amd64_microsoft.windows.common-controls_6595b64144ccf1df_6.0.26100.8037_none_3e092faae333b53b\COMCTL32.dll
0x00007ffa6d670000 - 0x00007ffa6d69b000 	C:\WINDOWS\System32\GDI32.dll
0x00007ffa6b0e0000 - 0x00007ffa6b20b000 	C:\WINDOWS\System32\gdi32full.dll
0x00007ffa6d5a0000 - 0x00007ffa6d649000 	C:\WINDOWS\System32\msvcrt.dll
0x00007ffa6c4f0000 - 0x00007ffa6c593000 	C:\WINDOWS\System32\msvcp_win.dll
0x00007ffa6e780000 - 0x00007ffa6e7b1000 	C:\WINDOWS\System32\IMM32.DLL
0x00007ffa667a0000 - 0x00007ffa667ac000 	c:\Users\HP\.vscode\extensions\redhat.java-1.54.2026031108-win32-x64\jre\21.0.10-win32-x86_64\bin\vcruntime140_1.dll
0x00007ffa336d0000 - 0x00007ffa3375d000 	c:\Users\HP\.vscode\extensions\redhat.java-1.54.2026031108-win32-x64\jre\21.0.10-win32-x86_64\bin\msvcp140.dll
0x00007ff9fc6f0000 - 0x00007ff9fd491000 	c:\Users\HP\.vscode\extensions\redhat.java-1.54.2026031108-win32-x64\jre\21.0.10-win32-x86_64\bin\server\jvm.dll
0x00007ffa6d4d0000 - 0x00007ffa6d58b000 	C:\WINDOWS\System32\ADVAPI32.dll
0x00007ffa6c6a0000 - 0x00007ffa6c747000 	C:\WINDOWS\System32\sechost.dll
0x00007ffa6da30000 - 0x00007ffa6db48000 	C:\WINDOWS\System32\RPCRT4.dll
0x00007ffa6cec0000 - 0x00007ffa6cf34000 	C:\WINDOWS\System32\WS2_32.dll
0x00007ffa6af40000 - 0x00007ffa6af9e000 	C:\WINDOWS\SYSTEM32\POWRPROF.dll
0x00007ffa64570000 - 0x00007ffa645a5000 	C:\WINDOWS\SYSTEM32\WINMM.dll
0x00007ffa64560000 - 0x00007ffa6456b000 	C:\WINDOWS\SYSTEM32\VERSION.dll
0x00007ffa6af20000 - 0x00007ffa6af34000 	C:\WINDOWS\SYSTEM32\UMPDC.dll
0x00007ffa69dd0000 - 0x00007ffa69deb000 	C:\WINDOWS\SYSTEM32\kernel.appcore.dll
0x00007ffa52930000 - 0x00007ffa5293a000 	c:\Users\HP\.vscode\extensions\redhat.java-1.54.2026031108-win32-x64\jre\21.0.10-win32-x86_64\bin\jimage.dll
0x00007ffa5f5c0000 - 0x00007ffa5f802000 	C:\WINDOWS\SYSTEM32\DBGHELP.DLL
0x00007ffa6d6a0000 - 0x00007ffa6da22000 	C:\WINDOWS\System32\combase.dll
0x00007ffa6d2e0000 - 0x00007ffa6d3b7000 	C:\WINDOWS\System32\OLEAUT32.dll
0x00007ffa509a0000 - 0x00007ffa509db000 	C:\WINDOWS\SYSTEM32\dbgcore.DLL
0x00007ffa6c2c0000 - 0x00007ffa6c365000 	C:\WINDOWS\System32\bcryptPrimitives.dll
0x00007ffa52920000 - 0x00007ffa5292f000 	c:\Users\HP\.vscode\extensions\redhat.java-1.54.2026031108-win32-x64\jre\21.0.10-win32-x86_64\bin\instrument.dll
0x00007ffa36d40000 - 0x00007ffa36d60000 	c:\Users\HP\.vscode\extensions\redhat.java-1.54.2026031108-win32-x64\jre\21.0.10-win32-x86_64\bin\java.dll

JVMTI agents:
c:\Users\HP\.vscode\extensions\redhat.java-1.54.2026031108-win32-x64\lombok\lombok-1.18.39-4050.jar path:none, loaded, not initialized, instrumentlib options:none

dbghelp: loaded successfully - version: 4.0.5 - missing functions: none
symbol engine: initialized successfully - sym options: 0x614 - pdb path: .;c:\Users\HP\.vscode\extensions\redhat.java-1.54.2026031108-win32-x64\jre\21.0.10-win32-x86_64\bin;C:\WINDOWS\SYSTEM32;C:\WINDOWS\WinSxS\amd64_microsoft.windows.common-controls_6595b64144ccf1df_6.0.26100.8037_none_3e092faae333b53b;c:\Users\HP\.vscode\extensions\redhat.java-1.54.2026031108-win32-x64\jre\21.0.10-win32-x86_64\bin\server

VM Arguments:
jvm_args: --add-modules=ALL-SYSTEM --add-opens=java.base/java.util=ALL-UNNAMED --add-opens=java.base/java.lang=ALL-UNNAMED --add-opens=java.base/sun.nio.fs=ALL-UNNAMED -Declipse.application=org.eclipse.jdt.ls.core.id1 -Dosgi.bundles.defaultStartLevel=4 -Declipse.product=org.eclipse.jdt.ls.core.product -Djava.import.generatesMetadataFilesAtProjectRoot=false -DDetectVMInstallationsJob.disabled=true -Dfile.encoding=utf8 -Xlog:disable -javaagent:c:\Users\HP\.vscode\extensions\redhat.java-1.54.2026031108-win32-x64\lombok\lombok-1.18.39-4050.jar -XX:+HeapDumpOnOutOfMemoryError -XX:HeapDumpPath=c:\Users\HP\AppData\Roaming\Code\User\workspaceStorage\f1d7795175c8100a2a2f892062407cf2\redhat.java -Daether.dependencyCollector.impl=bf -XX:+UnlockDiagnosticVMOptions -XX:+AllowArchivingWithJavaAgent -XX:+AutoCreateSharedArchive -XX:SharedArchiveFile=c:\Users\HP\AppData\Roaming\Code\User\globalStorage\redhat.java\1.54.2026031108\jdtls.jsa 
java_command: c:\Users\HP\.vscode\extensions\redhat.java-1.54.2026031108-win32-x64\server\plugins\org.eclipse.equinox.launcher_1.7.100.v20251111-0406.jar -configuration c:\Users\HP\AppData\Roaming\Code\User\globalStorage\redhat.java\1.54.2026031108\config_win -data c:\Users\HP\AppData\Roaming\Code\User\workspaceStorage\f1d7795175c8100a2a2f892062407cf2\redhat.java\jdt_ws --pipe=\\.\pipe\lsp-ea0f195d9abfd1a9d392c7c68e1a8f4d-sock
java_class_path (initial): c:\Users\HP\.vscode\extensions\redhat.java-1.54.2026031108-win32-x64\server\plugins\org.eclipse.equinox.launcher_1.7.100.v20251111-0406.jar
Launcher Type: SUN_STANDARD

[Global flags]
     bool AllowArchivingWithJavaAgent              = true                             {JVMCI diagnostic} {command line}
     bool AutoCreateSharedArchive                  = true                                {JVMCI product} {command line}
     intx CICompilerCount                          = 4                                         {product} {ergonomic}
     uint ConcGCThreads                            = 3                                         {product} {ergonomic}
     uint G1ConcRefinementThreads                  = 10                                        {product} {ergonomic}
   size_t G1HeapRegionSize                         = 1048576                                   {product} {ergonomic}
    uintx GCDrainStackTargetSize                   = 64                                        {product} {ergonomic}
     bool HeapDumpOnOutOfMemoryError               = true                                   {manageable} {command line}
    ccstr HeapDumpPath                             = c:\Users\HP\AppData\Roaming\Code\User\workspaceStorage\f1d7795175c8100a2a2f892062407cf2\redhat.java         {manageable} {command line}
   size_t InitialHeapSize                          = 123731968                                 {product} {ergonomic}
   size_t MarkStackSize                            = 4194304                                   {product} {ergonomic}
   size_t MaxHeapSize                              = 1967128576                                {product} {ergonomic}
   size_t MaxNewSize                               = 1179648000                                {product} {ergonomic}
   size_t MinHeapDeltaBytes                        = 1048576                                   {product} {ergonomic}
   size_t MinHeapSize                              = 8388608                                   {product} {ergonomic}
    uintx NonNMethodCodeHeapSize                   = 5839372                                {pd product} {ergonomic}
    uintx NonProfiledCodeHeapSize                  = 122909434                              {pd product} {ergonomic}
    uintx ProfiledCodeHeapSize                     = 122909434                              {pd product} {ergonomic}
    uintx ReservedCodeCacheSize                    = 251658240                              {pd product} {ergonomic}
     bool SegmentedCodeCache                       = true                                      {product} {ergonomic}
    ccstr SharedArchiveFile                        = c:\Users\HP\AppData\Roaming\Code\User\globalStorage\redhat.java\1.54.2026031108\jdtls.jsa      {JVMCI product} {command line}
   size_t SoftMaxHeapSize                          = 1967128576                             {manageable} {ergonomic}
     bool UnlockDiagnosticVMOptions                = true                                   {diagnostic} {command line}
     bool UseCompressedOops                        = true                           {product lp64_product} {ergonomic}
     bool UseG1GC                                  = true                                      {product} {ergonomic}
     bool UseLargePagesIndividualAllocation        = false                                  {pd product} {ergonomic}

Logging:
Log output configuration:
 #0: stdout all=off uptime,level,tags foldmultilines=false
 #1: stderr all=off uptime,level,tags foldmultilines=false

Release file:
<release file has not been read>
Environment Variables:
JAVA_HOME=C:\Program Files\Java\jdk-17
PATH=C:\Users\HP\AppData\Local\Programs\Microsoft VS Code;C:\Program Files\Common Files\Oracle\Java\javapath;C:\Program Files\Eclipse Adoptium\jdk-17.0.15.6-hotspot\bin;C:\WINDOWS\system32;C:\WINDOWS;C:\WINDOWS\System32\Wbem;C:\WINDOWS\System32\WindowsPowerShell\v1.0\;C:\WINDOWS\System32\OpenSSH\;C:\Program Files\Java\jdk-17\bin;C:\Users\HP\AppData\Local\Programs\Python\Python314\Scripts\;C:\Users\HP\AppData\Local\Programs\Python\Python314\;C:\Users\HP\AppData\Local\Microsoft\WindowsApps;%IntelliJ IDEA%;C:\Users\HP\AppData\Local\GitHubDesktop\bin;C:\Users\HP\AppData\Local\Programs\Microsoft VS Code\bin;C:\Users\HP\AppData\Local\Programs\mongosh\
USERNAME=HP
OS=Windows_NT
PROCESSOR_IDENTIFIER=AMD64 Family 23 Model 104 Stepping 1, AuthenticAMD
TMP=C:\Users\HP\AppData\Local\Temp
TEMP=C:\Users\HP\AppData\Local\Temp




Periodic native trim disabled

---------------  S Y S T E M  ---------------

OS:
 Windows 11 , 64 bit Build 26100 (10.0.26100.7920)
OS uptime: 0 days 0:27 hours
Hyper-V role detected

CPU: total 12 (initial active 12) (12 cores per cpu, 2 threads per core) family 23 model 104 stepping 1 microcode 0x8608107, cx8, cmov, fxsr, ht, mmx, 3dnowpref, sse, sse2, sse3, ssse3, sse4a, sse4.1, sse4.2, popcnt, lzcnt, tsc, tscinvbit, avx, avx2, aes, clmul, bmi1, bmi2, adx, sha, fma, vzeroupper, clflush, clflushopt, hv, rdtscp, rdpid, f16c
Processor Information for processor 0
  Max Mhz: 2100, Current Mhz: 2100, Mhz Limit: 2100
Processor Information for processor 1
  Max Mhz: 2100, Current Mhz: 2100, Mhz Limit: 2100
Processor Information for processor 2
  Max Mhz: 2100, Current Mhz: 2100, Mhz Limit: 2100
Processor Information for processor 3
  Max Mhz: 2100, Current Mhz: 2100, Mhz Limit: 2100
Processor Information for processor 4
  Max Mhz: 2100, Current Mhz: 2100, Mhz Limit: 2100
Processor Information for processor 5
  Max Mhz: 2100, Current Mhz: 2100, Mhz Limit: 2100
Processor Information for processor 6
  Max Mhz: 2100, Current Mhz: 2100, Mhz Limit: 2100
Processor Information for processor 7
  Max Mhz: 2100, Current Mhz: 2100, Mhz Limit: 2100
Processor Information for processor 8
  Max Mhz: 2100, Current Mhz: 2100, Mhz Limit: 2100
Processor Information for processor 9
  Max Mhz: 2100, Current Mhz: 1813, Mhz Limit: 2100
Processor Information for processor 10
  Max Mhz: 2100, Current Mhz: 2100, Mhz Limit: 2100
Processor Information for processor 11
  Max Mhz: 2100, Current Mhz: 2100, Mhz Limit: 2100

Memory: 4k page, system-wide physical 7501M (877M free)
TotalPageFile size 14157M (AvailPageFile size 777M)
current process WorkingSet (physical memory assigned to process): 65M, peak: 65M
current process commit charge ("private bytes"): 236M, peak: 236M

vm_info: OpenJDK 64-Bit Server VM (21.0.10+7-LTS) for windows-amd64 JRE (21.0.10+7-LTS), built on 2026-01-20T00:00:00Z by "admin" with MS VC++ 17.12 (VS2022)

END.
